<?xml version="1.0" encoding="UTF-8"?>
<!-- Generated by org.testng.reporters.JUnitReportReporter -->
<testsuite hostname="USM-ADMIN" failures="0" tests="10" name="TestNG.LoadTesting_Login" time="122.717" errors="0" timestamp="2022-01-24T13:33:05 IST" skipped="0">
  <testcase classname="TestNG.LoadTesting_Login" name="correctUsernameAndPassword" time="9.938"/>
  <system-out/>
  <testcase classname="TestNG.LoadTesting_Login" name="correctUsernameAndPassword" time="10.284"/>
  <system-out/>
  <testcase classname="TestNG.LoadTesting_Login" name="correctUsernameAndPassword" time="11.442"/>
  <system-out/>
  <testcase classname="TestNG.LoadTesting_Login" name="correctUsernameAndPassword" time="11.175"/>
  <system-out/>
  <testcase classname="TestNG.LoadTesting_Login" name="correctUsernameAndPassword" time="11.719"/>
  <system-out/>
  <testcase classname="TestNG.LoadTesting_Login" name="correctUsernameAndPassword" time="13.891"/>
  <system-out/>
  <testcase classname="TestNG.LoadTesting_Login" name="correctUsernameAndPassword" time="14.076"/>
  <system-out/>
  <testcase classname="TestNG.LoadTesting_Login" name="correctUsernameAndPassword" time="10.752"/>
  <system-out/>
  <testcase classname="TestNG.LoadTesting_Login" name="correctUsernameAndPassword" time="18.814"/>
  <system-out/>
  <testcase classname="TestNG.LoadTesting_Login" name="correctUsernameAndPassword" time="10.626"/>
  <system-out/>
</testsuite> <!-- TestNG.LoadTesting_Login -->
