<?xml version="1.0" encoding="UTF-8"?>
<!-- Generated by org.testng.reporters.JUnitReportReporter -->
<testsuite hostname="USM-ADMIN" failures="0" tests="4" name="TestNG.UpdatingFamilyMember" time="136.552" errors="0" timestamp="2022-01-13T15:20:50 IST" skipped="0">
  <testcase classname="TestNG.UpdatingFamilyMember" name="AddRelation" time="33.123"/>
  <system-out/>
  <testcase classname="TestNG.UpdatingFamilyMember" name="AddMobileNumber" time="35.242"/>
  <system-out/>
  <testcase classname="TestNG.UpdatingFamilyMember" name="AddDateOfBirth" time="35.307"/>
  <system-out/>
  <testcase classname="TestNG.UpdatingFamilyMember" name="AddFamilyMember" time="32.880"/>
  <system-out/>
</testsuite> <!-- TestNG.UpdatingFamilyMember -->
